[17700:4232:0921/090146.449:VERBOSE1:crash_service_main.cc(78)] Session start. cmdline is [--reporter-url=https://crashreporter.atom.io --application-name=Atom "--crashes-directory=C:\Programfiler\Cygwin\tmp\Atom Crashes" --v=1]
[17700:4232:0921/090146.481:VERBOSE1:crash_service.cc(142)] window handle is 0000000000031F64
[17700:4232:0921/090146.481:VERBOSE1:crash_service.cc(284)] pipe name is \\.\pipe\Atom Crash Service
dumps at C:\Programfiler\Cygwin\tmp\Atom Crashes
[17700:4232:0921/090146.481:VERBOSE1:crash_service.cc(288)] checkpoint is C:\Programfiler\Cygwin\tmp\Atom Crashes\crash_checkpoint.txt
server is https://crashreporter.atom.io
maximum 128 reports/day
reporter is electron-crash-service
[17700:4232:0921/090146.481:VERBOSE1:crash_service_main.cc(94)] Ready to process crash requests
[17700:19964:0921/090146.493:VERBOSE1:crash_service.cc(317)] client start. pid = 22860
[17700:19964:0921/090152.829:VERBOSE1:crash_service.cc(317)] client start. pid = 23984
[27524:19604:0921/090152.885:VERBOSE1:crash_service_main.cc(78)] Session start. cmdline is [--reporter-url=https://crashreporter.atom.io --application-name=Atom "--crashes-directory=C:\Programfiler\Cygwin\tmp\Atom Crashes" --v=1]
[27524:19604:0921/090152.907:VERBOSE1:crash_service.cc(142)] window handle is 0000000000011FCC
[27524:19604:0921/090152.908:VERBOSE1:crash_service.cc(284)] pipe name is \\.\pipe\Atom Crash Service
dumps at C:\Programfiler\Cygwin\tmp\Atom Crashes
[27524:19604:0921/090152.908:VERBOSE1:crash_service.cc(288)] checkpoint is C:\Programfiler\Cygwin\tmp\Atom Crashes\crash_checkpoint.txt
server is https://crashreporter.atom.io
maximum 128 reports/day
reporter is electron-crash-service
[27524:19604:0921/090152.908:ERROR:crash_service.cc(295)] could not start dumper
[17700:412:0921/140931.805:VERBOSE1:crash_service.cc(325)] client end. pid = 23984
[17700:412:0921/140932.818:VERBOSE1:crash_service.cc(325)] client end. pid = 22860
[17700:412:0921/140933.819:VERBOSE1:crash_service.cc(346)] zero clients. exiting
[17700:4232:0921/140933.819:VERBOSE1:crash_service.cc(486)] session ending..
[17700:4232:0921/140933.819:VERBOSE1:crash_service.cc(491)] clients connected :2
clients terminated :2
dumps serviced :0
dumps reported :0
[17700:4232:0921/140933.819:VERBOSE1:crash_service_main.cc(99)] Session end. return code is 0
